2017-12-11 05:15:00.2334|DEBUG|Labb10.Program|init main
2017-12-11 05:15:00.4470|INFO|Microsoft.AspNetCore.DataProtection.KeyManagement.XmlKeyManager|User profile is available. Using 'C:\Users\Housam\AppData\Local\ASP.NET\DataProtection-Keys' as key repository and Windows DPAPI to encrypt keys at rest.
2017-12-11 05:15:00.7191|INFO|Microsoft.AspNetCore.Hosting.Internal.WebHost|Request starting HTTP/1.1 GET http://localhost:65462/  
2017-12-11 05:15:00.7417|INFO|Microsoft.AspNetCore.StaticFiles.StaticFileMiddleware|The file /index.html was not modified
2017-12-11 05:15:00.7460|INFO|Microsoft.AspNetCore.Hosting.Internal.WebHost|Request finished in 33.2993ms 304 text/html
2017-12-11 05:15:00.7877|INFO|Microsoft.AspNetCore.Hosting.Internal.WebHost|Request starting HTTP/1.1 GET http://localhost:65462/styles/stylesheet.css  
2017-12-11 05:15:00.7896|INFO|Microsoft.AspNetCore.StaticFiles.StaticFileMiddleware|The file /styles/stylesheet.css was not modified
2017-12-11 05:15:00.7896|INFO|Microsoft.AspNetCore.Hosting.Internal.WebHost|Request finished in 3.2276ms 304 text/css
2017-12-11 05:15:00.7896|INFO|Microsoft.AspNetCore.Hosting.Internal.WebHost|Request starting HTTP/1.1 GET http://localhost:65462/scripts/main.js  
2017-12-11 05:15:00.7896|INFO|Microsoft.AspNetCore.StaticFiles.StaticFileMiddleware|The file /scripts/main.js was not modified
2017-12-11 05:15:00.7896|INFO|Microsoft.AspNetCore.Hosting.Internal.WebHost|Request finished in 5.2768ms 304 application/javascript
2017-12-11 05:15:00.9020|INFO|Microsoft.AspNetCore.Hosting.Internal.WebHost|Request starting HTTP/1.1 GET http://localhost:65462/api/customer/  
2017-12-11 05:15:01.0365|INFO|Microsoft.AspNetCore.Mvc.Internal.ControllerActionInvoker|Executing action method Labb10.Controllers.CustomerController.GetCustomers (Labb10) with arguments ((null)) - ModelState is Valid
2017-12-11 05:15:01.1158|INFO|Microsoft.EntityFrameworkCore.Infrastructure|Entity Framework Core 2.0.1-rtm-125 initialized 'DatabaseContext' using provider 'Microsoft.EntityFrameworkCore.SqlServer' with options: None
2017-12-11 05:15:01.5108|INFO|Microsoft.EntityFrameworkCore.Database.Command|Executed DbCommand (37ms) [Parameters=[], CommandType='Text', CommandTimeout='30']
SELECT COUNT(*)
FROM [Customers] AS [c]
2017-12-11 05:15:01.5108|INFO|Labb10.Controllers.CustomerController|Getting all customers from database, count: 5
2017-12-11 05:15:01.5244|INFO|Microsoft.AspNetCore.Mvc.Internal.ObjectResultExecutor|Executing ObjectResult, writing value Microsoft.AspNetCore.Mvc.ControllerContext.
2017-12-11 05:15:01.5923|INFO|Microsoft.EntityFrameworkCore.Database.Command|Executed DbCommand (34ms) [Parameters=[], CommandType='Text', CommandTimeout='30']
SELECT [c].[Id], [c].[Age], [c].[DateOfCreation], [c].[DateOfEdit], [c].[Email], [c].[FirstName], [c].[Gender], [c].[LastName]
FROM [Customers] AS [c]
2017-12-11 05:15:01.6275|INFO|Microsoft.AspNetCore.Mvc.Internal.ControllerActionInvoker|Executed action Labb10.Controllers.CustomerController.GetCustomers (Labb10) in 646.8971ms
2017-12-11 05:15:01.6275|INFO|Microsoft.AspNetCore.Hosting.Internal.WebHost|Request finished in 728.3584ms 200 application/json; charset=utf-8
2017-12-11 05:19:13.4945|INFO|Microsoft.AspNetCore.Hosting.Internal.WebHost|Request starting HTTP/1.1 POST http://localhost:65462/api/customer/ application/x-www-form-urlencoded; charset=UTF-8 83
2017-12-11 05:19:13.5592|INFO|Microsoft.AspNetCore.Mvc.Internal.ControllerActionInvoker|Executing action method Labb10.Controllers.CustomerController.PostCustomer (Labb10) with arguments (Labb10.Entities.Customer) - ModelState is Valid
2017-12-11 05:19:13.5592|INFO|Microsoft.EntityFrameworkCore.Infrastructure|Entity Framework Core 2.0.1-rtm-125 initialized 'DatabaseContext' using provider 'Microsoft.EntityFrameworkCore.SqlServer' with options: None
2017-12-11 05:19:13.7824|INFO|Microsoft.EntityFrameworkCore.Database.Command|Executed DbCommand (55ms) [Parameters=[@p0='?', @p1='?', @p2='?', @p3='?' (Size = 4000), @p4='?' (Size = 4000), @p5='?' (Size = 4000), @p6='?' (Size = 4000)], CommandType='Text', CommandTimeout='30']
SET NOCOUNT ON;
INSERT INTO [Customers] ([Age], [DateOfCreation], [DateOfEdit], [Email], [FirstName], [Gender], [LastName])
VALUES (@p0, @p1, @p2, @p3, @p4, @p5, @p6);
SELECT [Id]
FROM [Customers]
WHERE @@ROWCOUNT = 1 AND [Id] = scope_identity();
2017-12-11 05:19:13.9350|INFO|Labb10.Controllers.CustomerController|Testhas been added
2017-12-11 05:19:13.9350|INFO|Microsoft.AspNetCore.Mvc.StatusCodeResult|Executing HttpStatusCodeResult, setting HTTP status code 200
2017-12-11 05:19:13.9350|INFO|Microsoft.AspNetCore.Mvc.Internal.ControllerActionInvoker|Executed action Labb10.Controllers.CustomerController.PostCustomer (Labb10) in 411.7833ms
2017-12-11 05:19:13.9350|INFO|Microsoft.AspNetCore.Hosting.Internal.WebHost|Request finished in 447.7122ms 200 
2017-12-11 05:19:13.9520|INFO|Microsoft.AspNetCore.Hosting.Internal.WebHost|Request starting HTTP/1.1 GET http://localhost:65462/api/customer/  
2017-12-11 05:19:13.9520|INFO|Microsoft.AspNetCore.Mvc.Internal.ControllerActionInvoker|Executing action method Labb10.Controllers.CustomerController.GetCustomers (Labb10) with arguments ((null)) - ModelState is Valid
2017-12-11 05:19:13.9520|INFO|Microsoft.EntityFrameworkCore.Infrastructure|Entity Framework Core 2.0.1-rtm-125 initialized 'DatabaseContext' using provider 'Microsoft.EntityFrameworkCore.SqlServer' with options: None
2017-12-11 05:19:14.1115|INFO|Microsoft.EntityFrameworkCore.Database.Command|Executed DbCommand (153ms) [Parameters=[], CommandType='Text', CommandTimeout='30']
SELECT COUNT(*)
FROM [Customers] AS [c]
2017-12-11 05:19:14.1115|INFO|Labb10.Controllers.CustomerController|Getting all customers from database, count: 6
2017-12-11 05:19:14.1115|INFO|Microsoft.AspNetCore.Mvc.Internal.ObjectResultExecutor|Executing ObjectResult, writing value Microsoft.AspNetCore.Mvc.ControllerContext.
2017-12-11 05:19:14.2416|INFO|Microsoft.EntityFrameworkCore.Database.Command|Executed DbCommand (126ms) [Parameters=[], CommandType='Text', CommandTimeout='30']
SELECT [c].[Id], [c].[Age], [c].[DateOfCreation], [c].[DateOfEdit], [c].[Email], [c].[FirstName], [c].[Gender], [c].[LastName]
FROM [Customers] AS [c]
2017-12-11 05:19:14.2433|INFO|Microsoft.AspNetCore.Mvc.Internal.ControllerActionInvoker|Executed action Labb10.Controllers.CustomerController.GetCustomers (Labb10) in 289.0637ms
2017-12-11 05:19:14.2433|INFO|Microsoft.AspNetCore.Hosting.Internal.WebHost|Request finished in 292.3945ms 200 application/json; charset=utf-8
2017-12-11 05:20:28.5837|DEBUG|Labb10.Program|init main
2017-12-11 05:20:28.8038|INFO|Microsoft.AspNetCore.DataProtection.KeyManagement.XmlKeyManager|User profile is available. Using 'C:\Users\Housam\AppData\Local\ASP.NET\DataProtection-Keys' as key repository and Windows DPAPI to encrypt keys at rest.
2017-12-11 05:20:29.0722|INFO|Microsoft.AspNetCore.Hosting.Internal.WebHost|Request starting HTTP/1.1 GET http://localhost:65462/  
2017-12-11 05:20:29.1003|INFO|Microsoft.AspNetCore.StaticFiles.StaticFileMiddleware|The file /index.html was not modified
2017-12-11 05:20:29.1056|INFO|Microsoft.AspNetCore.Hosting.Internal.WebHost|Request finished in 39.3323ms 304 text/html
2017-12-11 05:20:29.1312|INFO|Microsoft.AspNetCore.Hosting.Internal.WebHost|Request starting HTTP/1.1 GET http://localhost:65462/styles/stylesheet.css  
2017-12-11 05:20:29.1332|INFO|Microsoft.AspNetCore.StaticFiles.StaticFileMiddleware|The file /styles/stylesheet.css was not modified
2017-12-11 05:20:29.1332|INFO|Microsoft.AspNetCore.Hosting.Internal.WebHost|Request finished in 3.9304ms 304 text/css
2017-12-11 05:20:29.1655|INFO|Microsoft.AspNetCore.Hosting.Internal.WebHost|Request starting HTTP/1.1 GET http://localhost:65462/scripts/main.js  
2017-12-11 05:20:29.1655|INFO|Microsoft.AspNetCore.StaticFiles.StaticFileMiddleware|The file /scripts/main.js was not modified
2017-12-11 05:20:29.1655|INFO|Microsoft.AspNetCore.Hosting.Internal.WebHost|Request finished in 2.2735ms 304 application/javascript
2017-12-11 05:20:29.2276|INFO|Microsoft.AspNetCore.Hosting.Internal.WebHost|Request starting HTTP/1.1 GET http://localhost:65462/api/customer/  
2017-12-11 05:20:29.3540|INFO|Microsoft.AspNetCore.Mvc.Internal.ControllerActionInvoker|Executing action method Labb10.Controllers.CustomerController.GetCustomers (Labb10) with arguments ((null)) - ModelState is Valid
2017-12-11 05:20:29.4266|INFO|Microsoft.EntityFrameworkCore.Infrastructure|Entity Framework Core 2.0.1-rtm-125 initialized 'DatabaseContext' using provider 'Microsoft.EntityFrameworkCore.SqlServer' with options: None
2017-12-11 05:20:29.8535|INFO|Microsoft.EntityFrameworkCore.Database.Command|Executed DbCommand (48ms) [Parameters=[], CommandType='Text', CommandTimeout='30']
SELECT COUNT(*)
FROM [Customers] AS [c]
2017-12-11 05:20:29.8684|INFO|Labb10.Controllers.CustomerController|Getting all customers from database, count: 6
2017-12-11 05:20:29.8684|INFO|Microsoft.AspNetCore.Mvc.Internal.ObjectResultExecutor|Executing ObjectResult, writing value Microsoft.AspNetCore.Mvc.ControllerContext.
2017-12-11 05:20:29.9485|INFO|Microsoft.EntityFrameworkCore.Database.Command|Executed DbCommand (40ms) [Parameters=[], CommandType='Text', CommandTimeout='30']
SELECT [c].[Id], [c].[Age], [c].[DateOfCreation], [c].[DateOfEdit], [c].[Email], [c].[FirstName], [c].[Gender], [c].[LastName]
FROM [Customers] AS [c]
2017-12-11 05:20:29.9803|INFO|Microsoft.AspNetCore.Mvc.Internal.ControllerActionInvoker|Executed action Labb10.Controllers.CustomerController.GetCustomers (Labb10) in 675.4209ms
2017-12-11 05:20:29.9803|INFO|Microsoft.AspNetCore.Hosting.Internal.WebHost|Request finished in 755.8436ms 200 application/json; charset=utf-8
